<?xml version="1.0" encoding="UTF-8"?>
<testng-results skipped="0" failed="0" ignored="0" total="1" passed="1">
  <reporter-output>
  </reporter-output>
  <suite name="Exercise Suite 2" duration-ms="20800" started-at="2019-02-15T18:44:27Z" finished-at="2019-02-15T18:44:48Z">
    <groups>
    </groups>
    <test name="LazadaTestScenario1" duration-ms="20800" started-at="2019-02-15T18:44:27Z" finished-at="2019-02-15T18:44:48Z">
      <class name="exercise3.LazadaTestExercise1">
        <test-method status="PASS" signature="getProperties(java.lang.String, java.lang.String)[pri:0, instance:exercise3.LazadaTestExercise1@3ffc5af1]" name="getProperties" duration-ms="20777" started-at="2019-02-15T18:44:27Z" finished-at="2019-02-15T18:44:48Z">
          <params>
            <param index="0">
              <value>
                <![CDATA[https://www.lazada.com.my]]>
              </value>
            </param>
            <param index="1">
              <value>
                <![CDATA[datadriven.properties]]>
              </value>
            </param>
          </params>
          <reporter-output>
          </reporter-output>
        </test-method> <!-- getProperties -->
      </class> <!-- exercise3.LazadaTestExercise1 -->
    </test> <!-- LazadaTestScenario1 -->
  </suite> <!-- Exercise Suite 2 -->
</testng-results>
