<?xml version="1.0" encoding="UTF-8"?>
<testng-results skipped="0" failed="5" ignored="0" total="9" passed="4">
  <reporter-output>
    <line>
      <![CDATA[The Mozilla browser is opened ]]>
    </line>
    <line>
      <![CDATA[Inside search bar the 'Kedah' is entered]]>
    </line>
    <line>
      <![CDATA[Search button is clicked]]>
    </line>
    <line>
      <![CDATA[Result generated]]>
    </line>
    <line>
      <![CDATA[The Mozilla browser is opened ]]>
    </line>
    <line>
      <![CDATA[Inside search bar the 'Kedah' is entered]]>
    </line>
    <line>
      <![CDATA[Search button is clicked]]>
    </line>
    <line>
      <![CDATA[Result generated]]>
    </line>
    <line>
      <![CDATA[The Mozilla browser is opened ]]>
    </line>
    <line>
      <![CDATA[Inside search bar the 'Kedah' is entered]]>
    </line>
    <line>
      <![CDATA[Search button is clicked]]>
    </line>
    <line>
      <![CDATA[Result generated]]>
    </line>
    <line>
      <![CDATA[The Mozilla browser is opened ]]>
    </line>
    <line>
      <![CDATA[Inside search bar the 'Kedah' is entered]]>
    </line>
    <line>
      <![CDATA[Search button is clicked]]>
    </line>
    <line>
      <![CDATA[Result generated]]>
    </line>
    <line>
      <![CDATA[The Mozilla browser is opened ]]>
    </line>
    <line>
      <![CDATA[Inside search bar the 'Kedah' is entered]]>
    </line>
    <line>
      <![CDATA[Search button is clicked]]>
    </line>
    <line>
      <![CDATA[Result generated]]>
    </line>
    <line>
      <![CDATA[The Mozilla browser is opened ]]>
    </line>
    <line>
      <![CDATA[Inside search bar the 'Kedah' is entered]]>
    </line>
    <line>
      <![CDATA[Search button is clicked]]>
    </line>
    <line>
      <![CDATA[Result generated]]>
    </line>
    <line>
      <![CDATA[The Mozilla browser is opened ]]>
    </line>
    <line>
      <![CDATA[Inside search bar the 'Kedah' is entered]]>
    </line>
    <line>
      <![CDATA[Search button is clicked]]>
    </line>
    <line>
      <![CDATA[Result generated]]>
    </line>
    <line>
      <![CDATA[The Mozilla browser is opened ]]>
    </line>
    <line>
      <![CDATA[Inside search bar the 'Kedah' is entered]]>
    </line>
    <line>
      <![CDATA[Search button is clicked]]>
    </line>
    <line>
      <![CDATA[Result generated]]>
    </line>
    <line>
      <![CDATA[The Mozilla browser is opened ]]>
    </line>
    <line>
      <![CDATA[Inside search bar the 'Kedah' is entered]]>
    </line>
    <line>
      <![CDATA[Search button is clicked]]>
    </line>
    <line>
      <![CDATA[Result generated]]>
    </line>
  </reporter-output>
  <suite name="Exercise Suite 1" duration-ms="317133" started-at="2019-02-10T13:45:42Z" finished-at="2019-02-10T13:50:59Z">
    <groups>
    </groups>
    <test name="AgodaTestFolder" duration-ms="317133" started-at="2019-02-10T13:45:42Z" finished-at="2019-02-10T13:50:59Z">
      <class name="exercise2.AgodaTestExercise2">
        <test-method status="PASS" signature="StartTest()[pri:0, instance:exercise2.AgodaTestExercise2@66a3ffec]" name="StartTest" is-config="true" duration-ms="12" started-at="2019-02-10T13:45:42Z" finished-at="2019-02-10T13:45:42Z">
          <reporter-output>
          </reporter-output>
        </test-method> <!-- StartTest -->
        <test-method status="PASS" signature="LaunchedBrowser()[pri:0, instance:exercise2.AgodaTestExercise2@66a3ffec]" name="LaunchedBrowser" is-config="true" duration-ms="10649" started-at="2019-02-10T13:45:42Z" finished-at="2019-02-10T13:45:52Z">
          <reporter-output>
            <line>
              <![CDATA[The Mozilla browser is opened ]]>
            </line>
          </reporter-output>
        </test-method> <!-- LaunchedBrowser -->
        <test-method status="FAIL" signature="OpenNewTab(java.lang.String)[pri:0, instance:exercise2.AgodaTestExercise2@66a3ffec]" name="OpenNewTab" duration-ms="15734" started-at="2019-02-10T13:45:52Z" data-provider="DataSet1" finished-at="2019-02-10T13:46:08Z">
          <params>
            <param index="0">
              <value>
                <![CDATA[Kuala Lumpur]]>
              </value>
            </param>
          </params>
          <exception class="org.openqa.selenium.ElementClickInterceptedException">
            <message>
              <![CDATA[Element <li class="PropertyCardItem ssr-search-result "> is not clickable at point (814,494.70001220703125) because another element <div class="l-col-9"> obscures it
Build info: version: '3.141.59', revision: 'e82be7d358', time: '2018-11-14T08:25:48'
System info: host: 'SHAHRIDZUAN', ip: '192.168.0.108', os.name: 'Windows 10', os.arch: 'amd64', os.version: '10.0', java.version: '1.8.0_191'
Driver info: org.openqa.selenium.firefox.FirefoxDriver
Capabilities {acceptInsecureCerts: true, browserName: firefox, browserVersion: 62.0.3, javascriptEnabled: true, moz:accessibilityChecks: false, moz:geckodriverVersion: 0.23.0, moz:headless: false, moz:processID: 1012, moz:profile: C:\Users\shahrid92\AppData\..., moz:useNonSpecCompliantPointerOrigin: false, moz:webdriverClick: true, pageLoadStrategy: normal, platform: XP, platformName: XP, platformVersion: 10.0, rotatable: false, timeouts: {implicit: 0, pageLoad: 300000, script: 30000}}
Session ID: 2081843a-79b5-49da-8c13-8a09f9b40a9e]]>
            </message>
            <full-stacktrace>
              <![CDATA[org.openqa.selenium.ElementClickInterceptedException: Element <li class="PropertyCardItem ssr-search-result "> is not clickable at point (814,494.70001220703125) because another element <div class="l-col-9"> obscures it
Build info: version: '3.141.59', revision: 'e82be7d358', time: '2018-11-14T08:25:48'
System info: host: 'SHAHRIDZUAN', ip: '192.168.0.108', os.name: 'Windows 10', os.arch: 'amd64', os.version: '10.0', java.version: '1.8.0_191'
Driver info: org.openqa.selenium.firefox.FirefoxDriver
Capabilities {acceptInsecureCerts: true, browserName: firefox, browserVersion: 62.0.3, javascriptEnabled: true, moz:accessibilityChecks: false, moz:geckodriverVersion: 0.23.0, moz:headless: false, moz:processID: 1012, moz:profile: C:\Users\shahrid92\AppData\..., moz:useNonSpecCompliantPointerOrigin: false, moz:webdriverClick: true, pageLoadStrategy: normal, platform: XP, platformName: XP, platformVersion: 10.0, rotatable: false, timeouts: {implicit: 0, pageLoad: 300000, script: 30000}}
Session ID: 2081843a-79b5-49da-8c13-8a09f9b40a9e
at sun.reflect.NativeConstructorAccessorImpl.newInstance0(Native Method)
at sun.reflect.NativeConstructorAccessorImpl.newInstance(Unknown Source)
at sun.reflect.DelegatingConstructorAccessorImpl.newInstance(Unknown Source)
at java.lang.reflect.Constructor.newInstance(Unknown Source)
at org.openqa.selenium.remote.http.W3CHttpResponseCodec.createException(W3CHttpResponseCodec.java:187)
at org.openqa.selenium.remote.http.W3CHttpResponseCodec.decode(W3CHttpResponseCodec.java:122)
at org.openqa.selenium.remote.http.W3CHttpResponseCodec.decode(W3CHttpResponseCodec.java:49)
at org.openqa.selenium.remote.HttpCommandExecutor.execute(HttpCommandExecutor.java:158)
at org.openqa.selenium.remote.service.DriverCommandExecutor.execute(DriverCommandExecutor.java:83)
at org.openqa.selenium.remote.RemoteWebDriver.execute(RemoteWebDriver.java:552)
at org.openqa.selenium.remote.RemoteWebElement.execute(RemoteWebElement.java:285)
at org.openqa.selenium.remote.RemoteWebElement.click(RemoteWebElement.java:84)
at exercise2.AgodaTestExercise2.OpenNewTab(AgodaTestExercise2.java:88)
at sun.reflect.NativeMethodAccessorImpl.invoke0(Native Method)
at sun.reflect.NativeMethodAccessorImpl.invoke(Unknown Source)
at sun.reflect.DelegatingMethodAccessorImpl.invoke(Unknown Source)
at java.lang.reflect.Method.invoke(Unknown Source)
at org.testng.internal.MethodInvocationHelper.invokeMethod(MethodInvocationHelper.java:124)
at org.testng.internal.Invoker.invokeMethod(Invoker.java:580)
at org.testng.internal.Invoker.invokeTestMethod(Invoker.java:716)
at org.testng.internal.Invoker.invokeTestMethods(Invoker.java:988)
at org.testng.internal.TestMethodWorker.invokeTestMethods(TestMethodWorker.java:125)
at org.testng.internal.TestMethodWorker.run(TestMethodWorker.java:109)
at org.testng.TestRunner.privateRun(TestRunner.java:648)
at org.testng.TestRunner.run(TestRunner.java:505)
at org.testng.SuiteRunner.runTest(SuiteRunner.java:455)
at org.testng.SuiteRunner.runSequentially(SuiteRunner.java:450)
at org.testng.SuiteRunner.privateRun(SuiteRunner.java:415)
at org.testng.SuiteRunner.run(SuiteRunner.java:364)
at org.testng.SuiteRunnerWorker.runSuite(SuiteRunnerWorker.java:52)
at org.testng.SuiteRunnerWorker.run(SuiteRunnerWorker.java:84)
at org.testng.TestNG.runSuitesSequentially(TestNG.java:1208)
at org.testng.TestNG.runSuitesLocally(TestNG.java:1137)
at org.testng.TestNG.runSuites(TestNG.java:1049)
at org.testng.TestNG.run(TestNG.java:1017)
at org.testng.remote.AbstractRemoteTestNG.run(AbstractRemoteTestNG.java:114)
at org.testng.remote.RemoteTestNG.initAndRun(RemoteTestNG.java:251)
at org.testng.remote.RemoteTestNG.main(RemoteTestNG.java:77)
]]>
            </full-stacktrace>
          </exception> <!-- org.openqa.selenium.ElementClickInterceptedException -->
          <reporter-output>
            <line>
              <![CDATA[Inside search bar the 'Kedah' is entered]]>
            </line>
            <line>
              <![CDATA[Search button is clicked]]>
            </line>
            <line>
              <![CDATA[Result generated]]>
            </line>
          </reporter-output>
        </test-method> <!-- OpenNewTab -->
        <test-method status="PASS" signature="terminateBrowser()[pri:0, instance:exercise2.AgodaTestExercise2@66a3ffec]" name="terminateBrowser" is-config="true" duration-ms="2724" started-at="2019-02-10T13:46:08Z" finished-at="2019-02-10T13:46:11Z">
          <reporter-output>
          </reporter-output>
        </test-method> <!-- terminateBrowser -->
        <test-method status="PASS" signature="LaunchedBrowser()[pri:0, instance:exercise2.AgodaTestExercise2@66a3ffec]" name="LaunchedBrowser" is-config="true" duration-ms="9834" started-at="2019-02-10T13:46:11Z" finished-at="2019-02-10T13:46:21Z">
          <reporter-output>
            <line>
              <![CDATA[The Mozilla browser is opened ]]>
            </line>
          </reporter-output>
        </test-method> <!-- LaunchedBrowser -->
        <test-method status="FAIL" signature="OpenNewTab(java.lang.String)[pri:0, instance:exercise2.AgodaTestExercise2@66a3ffec]" name="OpenNewTab" duration-ms="11358" started-at="2019-02-10T13:46:21Z" data-provider="DataSet1" finished-at="2019-02-10T13:46:32Z">
          <params>
            <param index="0">
              <value>
                <![CDATA[Selangor]]>
              </value>
            </param>
          </params>
          <exception class="org.openqa.selenium.ElementClickInterceptedException">
            <message>
              <![CDATA[Element <li class="PropertyCardItem ssr-search-result "> is not clickable at point (814,543.7333374023438) because another element <div class="box box__fixed box__fixed--180"> obscures it
Build info: version: '3.141.59', revision: 'e82be7d358', time: '2018-11-14T08:25:48'
System info: host: 'SHAHRIDZUAN', ip: '192.168.0.108', os.name: 'Windows 10', os.arch: 'amd64', os.version: '10.0', java.version: '1.8.0_191'
Driver info: org.openqa.selenium.firefox.FirefoxDriver
Capabilities {acceptInsecureCerts: true, browserName: firefox, browserVersion: 62.0.3, javascriptEnabled: true, moz:accessibilityChecks: false, moz:geckodriverVersion: 0.23.0, moz:headless: false, moz:processID: 8364, moz:profile: C:\Users\shahrid92\AppData\..., moz:useNonSpecCompliantPointerOrigin: false, moz:webdriverClick: true, pageLoadStrategy: normal, platform: XP, platformName: XP, platformVersion: 10.0, rotatable: false, timeouts: {implicit: 0, pageLoad: 300000, script: 30000}}
Session ID: da587116-de94-4ff1-a004-81ecbc45187d]]>
            </message>
            <full-stacktrace>
              <![CDATA[org.openqa.selenium.ElementClickInterceptedException: Element <li class="PropertyCardItem ssr-search-result "> is not clickable at point (814,543.7333374023438) because another element <div class="box box__fixed box__fixed--180"> obscures it
Build info: version: '3.141.59', revision: 'e82be7d358', time: '2018-11-14T08:25:48'
System info: host: 'SHAHRIDZUAN', ip: '192.168.0.108', os.name: 'Windows 10', os.arch: 'amd64', os.version: '10.0', java.version: '1.8.0_191'
Driver info: org.openqa.selenium.firefox.FirefoxDriver
Capabilities {acceptInsecureCerts: true, browserName: firefox, browserVersion: 62.0.3, javascriptEnabled: true, moz:accessibilityChecks: false, moz:geckodriverVersion: 0.23.0, moz:headless: false, moz:processID: 8364, moz:profile: C:\Users\shahrid92\AppData\..., moz:useNonSpecCompliantPointerOrigin: false, moz:webdriverClick: true, pageLoadStrategy: normal, platform: XP, platformName: XP, platformVersion: 10.0, rotatable: false, timeouts: {implicit: 0, pageLoad: 300000, script: 30000}}
Session ID: da587116-de94-4ff1-a004-81ecbc45187d
at sun.reflect.NativeConstructorAccessorImpl.newInstance0(Native Method)
at sun.reflect.NativeConstructorAccessorImpl.newInstance(Unknown Source)
at sun.reflect.DelegatingConstructorAccessorImpl.newInstance(Unknown Source)
at java.lang.reflect.Constructor.newInstance(Unknown Source)
at org.openqa.selenium.remote.http.W3CHttpResponseCodec.createException(W3CHttpResponseCodec.java:187)
at org.openqa.selenium.remote.http.W3CHttpResponseCodec.decode(W3CHttpResponseCodec.java:122)
at org.openqa.selenium.remote.http.W3CHttpResponseCodec.decode(W3CHttpResponseCodec.java:49)
at org.openqa.selenium.remote.HttpCommandExecutor.execute(HttpCommandExecutor.java:158)
at org.openqa.selenium.remote.service.DriverCommandExecutor.execute(DriverCommandExecutor.java:83)
at org.openqa.selenium.remote.RemoteWebDriver.execute(RemoteWebDriver.java:552)
at org.openqa.selenium.remote.RemoteWebElement.execute(RemoteWebElement.java:285)
at org.openqa.selenium.remote.RemoteWebElement.click(RemoteWebElement.java:84)
at exercise2.AgodaTestExercise2.OpenNewTab(AgodaTestExercise2.java:88)
at sun.reflect.NativeMethodAccessorImpl.invoke0(Native Method)
at sun.reflect.NativeMethodAccessorImpl.invoke(Unknown Source)
at sun.reflect.DelegatingMethodAccessorImpl.invoke(Unknown Source)
at java.lang.reflect.Method.invoke(Unknown Source)
at org.testng.internal.MethodInvocationHelper.invokeMethod(MethodInvocationHelper.java:124)
at org.testng.internal.Invoker.invokeMethod(Invoker.java:580)
at org.testng.internal.Invoker.invokeTestMethod(Invoker.java:716)
at org.testng.internal.Invoker.invokeTestMethods(Invoker.java:988)
at org.testng.internal.TestMethodWorker.invokeTestMethods(TestMethodWorker.java:125)
at org.testng.internal.TestMethodWorker.run(TestMethodWorker.java:109)
at org.testng.TestRunner.privateRun(TestRunner.java:648)
at org.testng.TestRunner.run(TestRunner.java:505)
at org.testng.SuiteRunner.runTest(SuiteRunner.java:455)
at org.testng.SuiteRunner.runSequentially(SuiteRunner.java:450)
at org.testng.SuiteRunner.privateRun(SuiteRunner.java:415)
at org.testng.SuiteRunner.run(SuiteRunner.java:364)
at org.testng.SuiteRunnerWorker.runSuite(SuiteRunnerWorker.java:52)
at org.testng.SuiteRunnerWorker.run(SuiteRunnerWorker.java:84)
at org.testng.TestNG.runSuitesSequentially(TestNG.java:1208)
at org.testng.TestNG.runSuitesLocally(TestNG.java:1137)
at org.testng.TestNG.runSuites(TestNG.java:1049)
at org.testng.TestNG.run(TestNG.java:1017)
at org.testng.remote.AbstractRemoteTestNG.run(AbstractRemoteTestNG.java:114)
at org.testng.remote.RemoteTestNG.initAndRun(RemoteTestNG.java:251)
at org.testng.remote.RemoteTestNG.main(RemoteTestNG.java:77)
]]>
            </full-stacktrace>
          </exception> <!-- org.openqa.selenium.ElementClickInterceptedException -->
          <reporter-output>
            <line>
              <![CDATA[Inside search bar the 'Kedah' is entered]]>
            </line>
            <line>
              <![CDATA[Search button is clicked]]>
            </line>
            <line>
              <![CDATA[Result generated]]>
            </line>
          </reporter-output>
        </test-method> <!-- OpenNewTab -->
        <test-method status="PASS" signature="terminateBrowser()[pri:0, instance:exercise2.AgodaTestExercise2@66a3ffec]" name="terminateBrowser" is-config="true" duration-ms="3677" started-at="2019-02-10T13:46:33Z" finished-at="2019-02-10T13:46:36Z">
          <reporter-output>
          </reporter-output>
        </test-method> <!-- terminateBrowser -->
        <test-method status="PASS" signature="LaunchedBrowser()[pri:0, instance:exercise2.AgodaTestExercise2@66a3ffec]" name="LaunchedBrowser" is-config="true" duration-ms="15997" started-at="2019-02-10T13:46:36Z" finished-at="2019-02-10T13:46:52Z">
          <reporter-output>
            <line>
              <![CDATA[The Mozilla browser is opened ]]>
            </line>
          </reporter-output>
        </test-method> <!-- LaunchedBrowser -->
        <test-method status="FAIL" signature="OpenNewTab(java.lang.String)[pri:0, instance:exercise2.AgodaTestExercise2@66a3ffec]" name="OpenNewTab" duration-ms="11879" started-at="2019-02-10T13:46:52Z" data-provider="DataSet1" finished-at="2019-02-10T13:47:04Z">
          <params>
            <param index="0">
              <value>
                <![CDATA[Kelantan]]>
              </value>
            </param>
          </params>
          <exception class="org.openqa.selenium.ElementClickInterceptedException">
            <message>
              <![CDATA[Element <li class="PropertyCardItem ssr-search-result "> is not clickable at point (814,543.3666687011719) because another element <div class="box box__fixed box__fixed--180"> obscures it
Build info: version: '3.141.59', revision: 'e82be7d358', time: '2018-11-14T08:25:48'
System info: host: 'SHAHRIDZUAN', ip: '192.168.0.108', os.name: 'Windows 10', os.arch: 'amd64', os.version: '10.0', java.version: '1.8.0_191'
Driver info: org.openqa.selenium.firefox.FirefoxDriver
Capabilities {acceptInsecureCerts: true, browserName: firefox, browserVersion: 62.0.3, javascriptEnabled: true, moz:accessibilityChecks: false, moz:geckodriverVersion: 0.23.0, moz:headless: false, moz:processID: 12248, moz:profile: C:\Users\shahrid92\AppData\..., moz:useNonSpecCompliantPointerOrigin: false, moz:webdriverClick: true, pageLoadStrategy: normal, platform: XP, platformName: XP, platformVersion: 10.0, rotatable: false, timeouts: {implicit: 0, pageLoad: 300000, script: 30000}}
Session ID: 61a84681-13c0-44e7-8018-bbcf0c98bdf8]]>
            </message>
            <full-stacktrace>
              <![CDATA[org.openqa.selenium.ElementClickInterceptedException: Element <li class="PropertyCardItem ssr-search-result "> is not clickable at point (814,543.3666687011719) because another element <div class="box box__fixed box__fixed--180"> obscures it
Build info: version: '3.141.59', revision: 'e82be7d358', time: '2018-11-14T08:25:48'
System info: host: 'SHAHRIDZUAN', ip: '192.168.0.108', os.name: 'Windows 10', os.arch: 'amd64', os.version: '10.0', java.version: '1.8.0_191'
Driver info: org.openqa.selenium.firefox.FirefoxDriver
Capabilities {acceptInsecureCerts: true, browserName: firefox, browserVersion: 62.0.3, javascriptEnabled: true, moz:accessibilityChecks: false, moz:geckodriverVersion: 0.23.0, moz:headless: false, moz:processID: 12248, moz:profile: C:\Users\shahrid92\AppData\..., moz:useNonSpecCompliantPointerOrigin: false, moz:webdriverClick: true, pageLoadStrategy: normal, platform: XP, platformName: XP, platformVersion: 10.0, rotatable: false, timeouts: {implicit: 0, pageLoad: 300000, script: 30000}}
Session ID: 61a84681-13c0-44e7-8018-bbcf0c98bdf8
at sun.reflect.NativeConstructorAccessorImpl.newInstance0(Native Method)
at sun.reflect.NativeConstructorAccessorImpl.newInstance(Unknown Source)
at sun.reflect.DelegatingConstructorAccessorImpl.newInstance(Unknown Source)
at java.lang.reflect.Constructor.newInstance(Unknown Source)
at org.openqa.selenium.remote.http.W3CHttpResponseCodec.createException(W3CHttpResponseCodec.java:187)
at org.openqa.selenium.remote.http.W3CHttpResponseCodec.decode(W3CHttpResponseCodec.java:122)
at org.openqa.selenium.remote.http.W3CHttpResponseCodec.decode(W3CHttpResponseCodec.java:49)
at org.openqa.selenium.remote.HttpCommandExecutor.execute(HttpCommandExecutor.java:158)
at org.openqa.selenium.remote.service.DriverCommandExecutor.execute(DriverCommandExecutor.java:83)
at org.openqa.selenium.remote.RemoteWebDriver.execute(RemoteWebDriver.java:552)
at org.openqa.selenium.remote.RemoteWebElement.execute(RemoteWebElement.java:285)
at org.openqa.selenium.remote.RemoteWebElement.click(RemoteWebElement.java:84)
at exercise2.AgodaTestExercise2.OpenNewTab(AgodaTestExercise2.java:88)
at sun.reflect.NativeMethodAccessorImpl.invoke0(Native Method)
at sun.reflect.NativeMethodAccessorImpl.invoke(Unknown Source)
at sun.reflect.DelegatingMethodAccessorImpl.invoke(Unknown Source)
at java.lang.reflect.Method.invoke(Unknown Source)
at org.testng.internal.MethodInvocationHelper.invokeMethod(MethodInvocationHelper.java:124)
at org.testng.internal.Invoker.invokeMethod(Invoker.java:580)
at org.testng.internal.Invoker.invokeTestMethod(Invoker.java:716)
at org.testng.internal.Invoker.invokeTestMethods(Invoker.java:988)
at org.testng.internal.TestMethodWorker.invokeTestMethods(TestMethodWorker.java:125)
at org.testng.internal.TestMethodWorker.run(TestMethodWorker.java:109)
at org.testng.TestRunner.privateRun(TestRunner.java:648)
at org.testng.TestRunner.run(TestRunner.java:505)
at org.testng.SuiteRunner.runTest(SuiteRunner.java:455)
at org.testng.SuiteRunner.runSequentially(SuiteRunner.java:450)
at org.testng.SuiteRunner.privateRun(SuiteRunner.java:415)
at org.testng.SuiteRunner.run(SuiteRunner.java:364)
at org.testng.SuiteRunnerWorker.runSuite(SuiteRunnerWorker.java:52)
at org.testng.SuiteRunnerWorker.run(SuiteRunnerWorker.java:84)
at org.testng.TestNG.runSuitesSequentially(TestNG.java:1208)
at org.testng.TestNG.runSuitesLocally(TestNG.java:1137)
at org.testng.TestNG.runSuites(TestNG.java:1049)
at org.testng.TestNG.run(TestNG.java:1017)
at org.testng.remote.AbstractRemoteTestNG.run(AbstractRemoteTestNG.java:114)
at org.testng.remote.RemoteTestNG.initAndRun(RemoteTestNG.java:251)
at org.testng.remote.RemoteTestNG.main(RemoteTestNG.java:77)
]]>
            </full-stacktrace>
          </exception> <!-- org.openqa.selenium.ElementClickInterceptedException -->
          <reporter-output>
            <line>
              <![CDATA[Inside search bar the 'Kedah' is entered]]>
            </line>
            <line>
              <![CDATA[Search button is clicked]]>
            </line>
            <line>
              <![CDATA[Result generated]]>
            </line>
          </reporter-output>
        </test-method> <!-- OpenNewTab -->
        <test-method status="PASS" signature="terminateBrowser()[pri:0, instance:exercise2.AgodaTestExercise2@66a3ffec]" name="terminateBrowser" is-config="true" duration-ms="3438" started-at="2019-02-10T13:47:05Z" finished-at="2019-02-10T13:47:08Z">
          <reporter-output>
          </reporter-output>
        </test-method> <!-- terminateBrowser -->
        <test-method status="PASS" signature="LaunchedBrowser()[pri:0, instance:exercise2.AgodaTestExercise2@66a3ffec]" name="LaunchedBrowser" is-config="true" duration-ms="21566" started-at="2019-02-10T13:47:08Z" finished-at="2019-02-10T13:47:30Z">
          <reporter-output>
            <line>
              <![CDATA[The Mozilla browser is opened ]]>
            </line>
          </reporter-output>
        </test-method> <!-- LaunchedBrowser -->
        <test-method status="PASS" signature="OpenNewTab(java.lang.String)[pri:0, instance:exercise2.AgodaTestExercise2@66a3ffec]" name="OpenNewTab" duration-ms="9756" started-at="2019-02-10T13:47:30Z" data-provider="DataSet1" finished-at="2019-02-10T13:47:40Z">
          <params>
            <param index="0">
              <value>
                <![CDATA[Johor]]>
              </value>
            </param>
          </params>
          <reporter-output>
            <line>
              <![CDATA[Inside search bar the 'Kedah' is entered]]>
            </line>
            <line>
              <![CDATA[Search button is clicked]]>
            </line>
            <line>
              <![CDATA[Result generated]]>
            </line>
          </reporter-output>
        </test-method> <!-- OpenNewTab -->
        <test-method status="PASS" signature="terminateBrowser()[pri:0, instance:exercise2.AgodaTestExercise2@66a3ffec]" name="terminateBrowser" is-config="true" duration-ms="148" started-at="2019-02-10T13:47:40Z" finished-at="2019-02-10T13:47:40Z">
          <reporter-output>
          </reporter-output>
        </test-method> <!-- terminateBrowser -->
        <test-method status="PASS" signature="LaunchedBrowser()[pri:0, instance:exercise2.AgodaTestExercise2@66a3ffec]" name="LaunchedBrowser" is-config="true" duration-ms="29906" started-at="2019-02-10T13:47:40Z" finished-at="2019-02-10T13:48:10Z">
          <reporter-output>
            <line>
              <![CDATA[The Mozilla browser is opened ]]>
            </line>
          </reporter-output>
        </test-method> <!-- LaunchedBrowser -->
        <test-method status="FAIL" signature="OpenNewTab(java.lang.String)[pri:0, instance:exercise2.AgodaTestExercise2@66a3ffec]" name="OpenNewTab" duration-ms="6814" started-at="2019-02-10T13:48:10Z" data-provider="DataSet1" finished-at="2019-02-10T13:48:16Z">
          <params>
            <param index="0">
              <value>
                <![CDATA[Pahang]]>
              </value>
            </param>
          </params>
          <exception class="org.openqa.selenium.ElementClickInterceptedException">
            <message>
              <![CDATA[Element <li class="PropertyCardItem ssr-search-result "> is not clickable at point (814,543.5) because another element <div class="l-col-5"> obscures it
Build info: version: '3.141.59', revision: 'e82be7d358', time: '2018-11-14T08:25:48'
System info: host: 'SHAHRIDZUAN', ip: '192.168.0.108', os.name: 'Windows 10', os.arch: 'amd64', os.version: '10.0', java.version: '1.8.0_191'
Driver info: org.openqa.selenium.firefox.FirefoxDriver
Capabilities {acceptInsecureCerts: true, browserName: firefox, browserVersion: 62.0.3, javascriptEnabled: true, moz:accessibilityChecks: false, moz:geckodriverVersion: 0.23.0, moz:headless: false, moz:processID: 2540, moz:profile: C:\Users\shahrid92\AppData\..., moz:useNonSpecCompliantPointerOrigin: false, moz:webdriverClick: true, pageLoadStrategy: normal, platform: XP, platformName: XP, platformVersion: 10.0, rotatable: false, timeouts: {implicit: 0, pageLoad: 300000, script: 30000}}
Session ID: 3a8de62e-dd17-478e-ae3c-d45e90042e7b]]>
            </message>
            <full-stacktrace>
              <![CDATA[org.openqa.selenium.ElementClickInterceptedException: Element <li class="PropertyCardItem ssr-search-result "> is not clickable at point (814,543.5) because another element <div class="l-col-5"> obscures it
Build info: version: '3.141.59', revision: 'e82be7d358', time: '2018-11-14T08:25:48'
System info: host: 'SHAHRIDZUAN', ip: '192.168.0.108', os.name: 'Windows 10', os.arch: 'amd64', os.version: '10.0', java.version: '1.8.0_191'
Driver info: org.openqa.selenium.firefox.FirefoxDriver
Capabilities {acceptInsecureCerts: true, browserName: firefox, browserVersion: 62.0.3, javascriptEnabled: true, moz:accessibilityChecks: false, moz:geckodriverVersion: 0.23.0, moz:headless: false, moz:processID: 2540, moz:profile: C:\Users\shahrid92\AppData\..., moz:useNonSpecCompliantPointerOrigin: false, moz:webdriverClick: true, pageLoadStrategy: normal, platform: XP, platformName: XP, platformVersion: 10.0, rotatable: false, timeouts: {implicit: 0, pageLoad: 300000, script: 30000}}
Session ID: 3a8de62e-dd17-478e-ae3c-d45e90042e7b
at sun.reflect.NativeConstructorAccessorImpl.newInstance0(Native Method)
at sun.reflect.NativeConstructorAccessorImpl.newInstance(Unknown Source)
at sun.reflect.DelegatingConstructorAccessorImpl.newInstance(Unknown Source)
at java.lang.reflect.Constructor.newInstance(Unknown Source)
at org.openqa.selenium.remote.http.W3CHttpResponseCodec.createException(W3CHttpResponseCodec.java:187)
at org.openqa.selenium.remote.http.W3CHttpResponseCodec.decode(W3CHttpResponseCodec.java:122)
at org.openqa.selenium.remote.http.W3CHttpResponseCodec.decode(W3CHttpResponseCodec.java:49)
at org.openqa.selenium.remote.HttpCommandExecutor.execute(HttpCommandExecutor.java:158)
at org.openqa.selenium.remote.service.DriverCommandExecutor.execute(DriverCommandExecutor.java:83)
at org.openqa.selenium.remote.RemoteWebDriver.execute(RemoteWebDriver.java:552)
at org.openqa.selenium.remote.RemoteWebElement.execute(RemoteWebElement.java:285)
at org.openqa.selenium.remote.RemoteWebElement.click(RemoteWebElement.java:84)
at exercise2.AgodaTestExercise2.OpenNewTab(AgodaTestExercise2.java:88)
at sun.reflect.NativeMethodAccessorImpl.invoke0(Native Method)
at sun.reflect.NativeMethodAccessorImpl.invoke(Unknown Source)
at sun.reflect.DelegatingMethodAccessorImpl.invoke(Unknown Source)
at java.lang.reflect.Method.invoke(Unknown Source)
at org.testng.internal.MethodInvocationHelper.invokeMethod(MethodInvocationHelper.java:124)
at org.testng.internal.Invoker.invokeMethod(Invoker.java:580)
at org.testng.internal.Invoker.invokeTestMethod(Invoker.java:716)
at org.testng.internal.Invoker.invokeTestMethods(Invoker.java:988)
at org.testng.internal.TestMethodWorker.invokeTestMethods(TestMethodWorker.java:125)
at org.testng.internal.TestMethodWorker.run(TestMethodWorker.java:109)
at org.testng.TestRunner.privateRun(TestRunner.java:648)
at org.testng.TestRunner.run(TestRunner.java:505)
at org.testng.SuiteRunner.runTest(SuiteRunner.java:455)
at org.testng.SuiteRunner.runSequentially(SuiteRunner.java:450)
at org.testng.SuiteRunner.privateRun(SuiteRunner.java:415)
at org.testng.SuiteRunner.run(SuiteRunner.java:364)
at org.testng.SuiteRunnerWorker.runSuite(SuiteRunnerWorker.java:52)
at org.testng.SuiteRunnerWorker.run(SuiteRunnerWorker.java:84)
at org.testng.TestNG.runSuitesSequentially(TestNG.java:1208)
at org.testng.TestNG.runSuitesLocally(TestNG.java:1137)
at org.testng.TestNG.runSuites(TestNG.java:1049)
at org.testng.TestNG.run(TestNG.java:1017)
at org.testng.remote.AbstractRemoteTestNG.run(AbstractRemoteTestNG.java:114)
at org.testng.remote.RemoteTestNG.initAndRun(RemoteTestNG.java:251)
at org.testng.remote.RemoteTestNG.main(RemoteTestNG.java:77)
]]>
            </full-stacktrace>
          </exception> <!-- org.openqa.selenium.ElementClickInterceptedException -->
          <reporter-output>
            <line>
              <![CDATA[Inside search bar the 'Kedah' is entered]]>
            </line>
            <line>
              <![CDATA[Search button is clicked]]>
            </line>
            <line>
              <![CDATA[Result generated]]>
            </line>
          </reporter-output>
        </test-method> <!-- OpenNewTab -->
        <test-method status="PASS" signature="terminateBrowser()[pri:0, instance:exercise2.AgodaTestExercise2@66a3ffec]" name="terminateBrowser" is-config="true" duration-ms="2803" started-at="2019-02-10T13:48:17Z" finished-at="2019-02-10T13:48:20Z">
          <reporter-output>
          </reporter-output>
        </test-method> <!-- terminateBrowser -->
        <test-method status="PASS" signature="LaunchedBrowser()[pri:0, instance:exercise2.AgodaTestExercise2@66a3ffec]" name="LaunchedBrowser" is-config="true" duration-ms="9612" started-at="2019-02-10T13:48:20Z" finished-at="2019-02-10T13:48:30Z">
          <reporter-output>
            <line>
              <![CDATA[The Mozilla browser is opened ]]>
            </line>
          </reporter-output>
        </test-method> <!-- LaunchedBrowser -->
        <test-method status="PASS" signature="OpenNewTab(java.lang.String)[pri:0, instance:exercise2.AgodaTestExercise2@66a3ffec]" name="OpenNewTab" duration-ms="12122" started-at="2019-02-10T13:48:30Z" data-provider="DataSet1" finished-at="2019-02-10T13:48:42Z">
          <params>
            <param index="0">
              <value>
                <![CDATA[Perlis]]>
              </value>
            </param>
          </params>
          <reporter-output>
            <line>
              <![CDATA[Inside search bar the 'Kedah' is entered]]>
            </line>
            <line>
              <![CDATA[Search button is clicked]]>
            </line>
            <line>
              <![CDATA[Result generated]]>
            </line>
          </reporter-output>
        </test-method> <!-- OpenNewTab -->
        <test-method status="PASS" signature="terminateBrowser()[pri:0, instance:exercise2.AgodaTestExercise2@66a3ffec]" name="terminateBrowser" is-config="true" duration-ms="375" started-at="2019-02-10T13:48:42Z" finished-at="2019-02-10T13:48:42Z">
          <reporter-output>
          </reporter-output>
        </test-method> <!-- terminateBrowser -->
        <test-method status="PASS" signature="LaunchedBrowser()[pri:0, instance:exercise2.AgodaTestExercise2@66a3ffec]" name="LaunchedBrowser" is-config="true" duration-ms="26152" started-at="2019-02-10T13:48:42Z" finished-at="2019-02-10T13:49:08Z">
          <reporter-output>
            <line>
              <![CDATA[The Mozilla browser is opened ]]>
            </line>
          </reporter-output>
        </test-method> <!-- LaunchedBrowser -->
        <test-method status="PASS" signature="OpenNewTab(java.lang.String)[pri:0, instance:exercise2.AgodaTestExercise2@66a3ffec]" name="OpenNewTab" duration-ms="15363" started-at="2019-02-10T13:49:08Z" data-provider="DataSet1" finished-at="2019-02-10T13:49:24Z">
          <params>
            <param index="0">
              <value>
                <![CDATA[Perak]]>
              </value>
            </param>
          </params>
          <reporter-output>
            <line>
              <![CDATA[Inside search bar the 'Kedah' is entered]]>
            </line>
            <line>
              <![CDATA[Search button is clicked]]>
            </line>
            <line>
              <![CDATA[Result generated]]>
            </line>
          </reporter-output>
        </test-method> <!-- OpenNewTab -->
        <test-method status="PASS" signature="terminateBrowser()[pri:0, instance:exercise2.AgodaTestExercise2@66a3ffec]" name="terminateBrowser" is-config="true" duration-ms="316" started-at="2019-02-10T13:49:24Z" finished-at="2019-02-10T13:49:24Z">
          <reporter-output>
          </reporter-output>
        </test-method> <!-- terminateBrowser -->
        <test-method status="PASS" signature="LaunchedBrowser()[pri:0, instance:exercise2.AgodaTestExercise2@66a3ffec]" name="LaunchedBrowser" is-config="true" duration-ms="26752" started-at="2019-02-10T13:49:24Z" finished-at="2019-02-10T13:49:51Z">
          <reporter-output>
            <line>
              <![CDATA[The Mozilla browser is opened ]]>
            </line>
          </reporter-output>
        </test-method> <!-- LaunchedBrowser -->
        <test-method status="PASS" signature="OpenNewTab(java.lang.String)[pri:0, instance:exercise2.AgodaTestExercise2@66a3ffec]" name="OpenNewTab" duration-ms="15140" started-at="2019-02-10T13:49:51Z" data-provider="DataSet1" finished-at="2019-02-10T13:50:06Z">
          <params>
            <param index="0">
              <value>
                <![CDATA[Negeri Sembilan]]>
              </value>
            </param>
          </params>
          <reporter-output>
            <line>
              <![CDATA[Inside search bar the 'Kedah' is entered]]>
            </line>
            <line>
              <![CDATA[Search button is clicked]]>
            </line>
            <line>
              <![CDATA[Result generated]]>
            </line>
          </reporter-output>
        </test-method> <!-- OpenNewTab -->
        <test-method status="PASS" signature="terminateBrowser()[pri:0, instance:exercise2.AgodaTestExercise2@66a3ffec]" name="terminateBrowser" is-config="true" duration-ms="475" started-at="2019-02-10T13:50:06Z" finished-at="2019-02-10T13:50:06Z">
          <reporter-output>
          </reporter-output>
        </test-method> <!-- terminateBrowser -->
        <test-method status="PASS" signature="LaunchedBrowser()[pri:0, instance:exercise2.AgodaTestExercise2@66a3ffec]" name="LaunchedBrowser" is-config="true" duration-ms="34053" started-at="2019-02-10T13:50:06Z" finished-at="2019-02-10T13:50:40Z">
          <reporter-output>
            <line>
              <![CDATA[The Mozilla browser is opened ]]>
            </line>
          </reporter-output>
        </test-method> <!-- LaunchedBrowser -->
        <test-method status="FAIL" signature="OpenNewTab(java.lang.String)[pri:0, instance:exercise2.AgodaTestExercise2@66a3ffec]" name="OpenNewTab" duration-ms="13962" started-at="2019-02-10T13:50:40Z" data-provider="DataSet1" finished-at="2019-02-10T13:50:54Z">
          <params>
            <param index="0">
              <value>
                <![CDATA[Melaka]]>
              </value>
            </param>
          </params>
          <exception class="org.openqa.selenium.ElementClickInterceptedException">
            <message>
              <![CDATA[Element <li class="PropertyCardItem ssr-search-result "> is not clickable at point (814,543.25) because another element <div class="l-col-5"> obscures it
Build info: version: '3.141.59', revision: 'e82be7d358', time: '2018-11-14T08:25:48'
System info: host: 'SHAHRIDZUAN', ip: '192.168.0.108', os.name: 'Windows 10', os.arch: 'amd64', os.version: '10.0', java.version: '1.8.0_191'
Driver info: org.openqa.selenium.firefox.FirefoxDriver
Capabilities {acceptInsecureCerts: true, browserName: firefox, browserVersion: 62.0.3, javascriptEnabled: true, moz:accessibilityChecks: false, moz:geckodriverVersion: 0.23.0, moz:headless: false, moz:processID: 6528, moz:profile: C:\Users\shahrid92\AppData\..., moz:useNonSpecCompliantPointerOrigin: false, moz:webdriverClick: true, pageLoadStrategy: normal, platform: XP, platformName: XP, platformVersion: 10.0, rotatable: false, timeouts: {implicit: 0, pageLoad: 300000, script: 30000}}
Session ID: 87613702-7031-45e7-b017-13229a684775]]>
            </message>
            <full-stacktrace>
              <![CDATA[org.openqa.selenium.ElementClickInterceptedException: Element <li class="PropertyCardItem ssr-search-result "> is not clickable at point (814,543.25) because another element <div class="l-col-5"> obscures it
Build info: version: '3.141.59', revision: 'e82be7d358', time: '2018-11-14T08:25:48'
System info: host: 'SHAHRIDZUAN', ip: '192.168.0.108', os.name: 'Windows 10', os.arch: 'amd64', os.version: '10.0', java.version: '1.8.0_191'
Driver info: org.openqa.selenium.firefox.FirefoxDriver
Capabilities {acceptInsecureCerts: true, browserName: firefox, browserVersion: 62.0.3, javascriptEnabled: true, moz:accessibilityChecks: false, moz:geckodriverVersion: 0.23.0, moz:headless: false, moz:processID: 6528, moz:profile: C:\Users\shahrid92\AppData\..., moz:useNonSpecCompliantPointerOrigin: false, moz:webdriverClick: true, pageLoadStrategy: normal, platform: XP, platformName: XP, platformVersion: 10.0, rotatable: false, timeouts: {implicit: 0, pageLoad: 300000, script: 30000}}
Session ID: 87613702-7031-45e7-b017-13229a684775
at sun.reflect.NativeConstructorAccessorImpl.newInstance0(Native Method)
at sun.reflect.NativeConstructorAccessorImpl.newInstance(Unknown Source)
at sun.reflect.DelegatingConstructorAccessorImpl.newInstance(Unknown Source)
at java.lang.reflect.Constructor.newInstance(Unknown Source)
at org.openqa.selenium.remote.http.W3CHttpResponseCodec.createException(W3CHttpResponseCodec.java:187)
at org.openqa.selenium.remote.http.W3CHttpResponseCodec.decode(W3CHttpResponseCodec.java:122)
at org.openqa.selenium.remote.http.W3CHttpResponseCodec.decode(W3CHttpResponseCodec.java:49)
at org.openqa.selenium.remote.HttpCommandExecutor.execute(HttpCommandExecutor.java:158)
at org.openqa.selenium.remote.service.DriverCommandExecutor.execute(DriverCommandExecutor.java:83)
at org.openqa.selenium.remote.RemoteWebDriver.execute(RemoteWebDriver.java:552)
at org.openqa.selenium.remote.RemoteWebElement.execute(RemoteWebElement.java:285)
at org.openqa.selenium.remote.RemoteWebElement.click(RemoteWebElement.java:84)
at exercise2.AgodaTestExercise2.OpenNewTab(AgodaTestExercise2.java:88)
at sun.reflect.NativeMethodAccessorImpl.invoke0(Native Method)
at sun.reflect.NativeMethodAccessorImpl.invoke(Unknown Source)
at sun.reflect.DelegatingMethodAccessorImpl.invoke(Unknown Source)
at java.lang.reflect.Method.invoke(Unknown Source)
at org.testng.internal.MethodInvocationHelper.invokeMethod(MethodInvocationHelper.java:124)
at org.testng.internal.Invoker.invokeMethod(Invoker.java:580)
at org.testng.internal.Invoker.invokeTestMethod(Invoker.java:716)
at org.testng.internal.Invoker.invokeTestMethods(Invoker.java:988)
at org.testng.internal.TestMethodWorker.invokeTestMethods(TestMethodWorker.java:125)
at org.testng.internal.TestMethodWorker.run(TestMethodWorker.java:109)
at org.testng.TestRunner.privateRun(TestRunner.java:648)
at org.testng.TestRunner.run(TestRunner.java:505)
at org.testng.SuiteRunner.runTest(SuiteRunner.java:455)
at org.testng.SuiteRunner.runSequentially(SuiteRunner.java:450)
at org.testng.SuiteRunner.privateRun(SuiteRunner.java:415)
at org.testng.SuiteRunner.run(SuiteRunner.java:364)
at org.testng.SuiteRunnerWorker.runSuite(SuiteRunnerWorker.java:52)
at org.testng.SuiteRunnerWorker.run(SuiteRunnerWorker.java:84)
at org.testng.TestNG.runSuitesSequentially(TestNG.java:1208)
at org.testng.TestNG.runSuitesLocally(TestNG.java:1137)
at org.testng.TestNG.runSuites(TestNG.java:1049)
at org.testng.TestNG.run(TestNG.java:1017)
at org.testng.remote.AbstractRemoteTestNG.run(AbstractRemoteTestNG.java:114)
at org.testng.remote.RemoteTestNG.initAndRun(RemoteTestNG.java:251)
at org.testng.remote.RemoteTestNG.main(RemoteTestNG.java:77)
]]>
            </full-stacktrace>
          </exception> <!-- org.openqa.selenium.ElementClickInterceptedException -->
          <reporter-output>
            <line>
              <![CDATA[Inside search bar the 'Kedah' is entered]]>
            </line>
            <line>
              <![CDATA[Search button is clicked]]>
            </line>
            <line>
              <![CDATA[Result generated]]>
            </line>
          </reporter-output>
        </test-method> <!-- OpenNewTab -->
        <test-method status="PASS" signature="terminateBrowser()[pri:0, instance:exercise2.AgodaTestExercise2@66a3ffec]" name="terminateBrowser" is-config="true" duration-ms="3003" started-at="2019-02-10T13:50:56Z" finished-at="2019-02-10T13:50:59Z">
          <reporter-output>
          </reporter-output>
        </test-method> <!-- terminateBrowser -->
        <test-method status="FAIL" signature="EndTest()[pri:0, instance:exercise2.AgodaTestExercise2@66a3ffec]" name="EndTest" is-config="true" duration-ms="55" started-at="2019-02-10T13:50:59Z" finished-at="2019-02-10T13:50:59Z">
          <exception class="org.openqa.selenium.NoSuchSessionException">
            <message>
              <![CDATA[Tried to run command without establishing a connection
Build info: version: '3.141.59', revision: 'e82be7d358', time: '2018-11-14T08:25:48'
System info: host: 'SHAHRIDZUAN', ip: '192.168.0.108', os.name: 'Windows 10', os.arch: 'amd64', os.version: '10.0', java.version: '1.8.0_191'
Driver info: org.openqa.selenium.firefox.FirefoxDriver
Capabilities {acceptInsecureCerts: true, browserName: firefox, browserVersion: 62.0.3, javascriptEnabled: true, moz:accessibilityChecks: false, moz:geckodriverVersion: 0.23.0, moz:headless: false, moz:processID: 6528, moz:profile: C:\Users\shahrid92\AppData\..., moz:useNonSpecCompliantPointerOrigin: false, moz:webdriverClick: true, pageLoadStrategy: normal, platform: XP, platformName: XP, platformVersion: 10.0, rotatable: false, timeouts: {implicit: 0, pageLoad: 300000, script: 30000}}
Session ID: 87613702-7031-45e7-b017-13229a684775]]>
            </message>
            <full-stacktrace>
              <![CDATA[org.openqa.selenium.NoSuchSessionException: Tried to run command without establishing a connection
Build info: version: '3.141.59', revision: 'e82be7d358', time: '2018-11-14T08:25:48'
System info: host: 'SHAHRIDZUAN', ip: '192.168.0.108', os.name: 'Windows 10', os.arch: 'amd64', os.version: '10.0', java.version: '1.8.0_191'
Driver info: org.openqa.selenium.firefox.FirefoxDriver
Capabilities {acceptInsecureCerts: true, browserName: firefox, browserVersion: 62.0.3, javascriptEnabled: true, moz:accessibilityChecks: false, moz:geckodriverVersion: 0.23.0, moz:headless: false, moz:processID: 6528, moz:profile: C:\Users\shahrid92\AppData\..., moz:useNonSpecCompliantPointerOrigin: false, moz:webdriverClick: true, pageLoadStrategy: normal, platform: XP, platformName: XP, platformVersion: 10.0, rotatable: false, timeouts: {implicit: 0, pageLoad: 300000, script: 30000}}
Session ID: 87613702-7031-45e7-b017-13229a684775
at sun.reflect.NativeConstructorAccessorImpl.newInstance0(Native Method)
at sun.reflect.NativeConstructorAccessorImpl.newInstance(Unknown Source)
at sun.reflect.DelegatingConstructorAccessorImpl.newInstance(Unknown Source)
at java.lang.reflect.Constructor.newInstance(Unknown Source)
at org.openqa.selenium.remote.http.W3CHttpResponseCodec.createException(W3CHttpResponseCodec.java:187)
at org.openqa.selenium.remote.http.W3CHttpResponseCodec.decode(W3CHttpResponseCodec.java:122)
at org.openqa.selenium.remote.http.W3CHttpResponseCodec.decode(W3CHttpResponseCodec.java:49)
at org.openqa.selenium.remote.HttpCommandExecutor.execute(HttpCommandExecutor.java:158)
at org.openqa.selenium.remote.service.DriverCommandExecutor.execute(DriverCommandExecutor.java:83)
at org.openqa.selenium.remote.RemoteWebDriver.execute(RemoteWebDriver.java:552)
at org.openqa.selenium.remote.RemoteWebDriver.execute(RemoteWebDriver.java:609)
at org.openqa.selenium.remote.RemoteWebDriver.quit(RemoteWebDriver.java:452)
at exercise2.AgodaTestExercise2.EndTest(AgodaTestExercise2.java:40)
at sun.reflect.NativeMethodAccessorImpl.invoke0(Native Method)
at sun.reflect.NativeMethodAccessorImpl.invoke(Unknown Source)
at sun.reflect.DelegatingMethodAccessorImpl.invoke(Unknown Source)
at java.lang.reflect.Method.invoke(Unknown Source)
at org.testng.internal.MethodInvocationHelper.invokeMethod(MethodInvocationHelper.java:124)
at org.testng.internal.MethodInvocationHelper.invokeMethodConsideringTimeout(MethodInvocationHelper.java:59)
at org.testng.internal.Invoker.invokeConfigurationMethod(Invoker.java:455)
at org.testng.internal.Invoker.invokeConfigurations(Invoker.java:222)
at org.testng.internal.Invoker.invokeConfigurations(Invoker.java:142)
at org.testng.internal.TestMethodWorker.invokeAfterClassMethods(TestMethodWorker.java:214)
at org.testng.internal.TestMethodWorker.run(TestMethodWorker.java:111)
at org.testng.TestRunner.privateRun(TestRunner.java:648)
at org.testng.TestRunner.run(TestRunner.java:505)
at org.testng.SuiteRunner.runTest(SuiteRunner.java:455)
at org.testng.SuiteRunner.runSequentially(SuiteRunner.java:450)
at org.testng.SuiteRunner.privateRun(SuiteRunner.java:415)
at org.testng.SuiteRunner.run(SuiteRunner.java:364)
at org.testng.SuiteRunnerWorker.runSuite(SuiteRunnerWorker.java:52)
at org.testng.SuiteRunnerWorker.run(SuiteRunnerWorker.java:84)
at org.testng.TestNG.runSuitesSequentially(TestNG.java:1208)
at org.testng.TestNG.runSuitesLocally(TestNG.java:1137)
at org.testng.TestNG.runSuites(TestNG.java:1049)
at org.testng.TestNG.run(TestNG.java:1017)
at org.testng.remote.AbstractRemoteTestNG.run(AbstractRemoteTestNG.java:114)
at org.testng.remote.RemoteTestNG.initAndRun(RemoteTestNG.java:251)
at org.testng.remote.RemoteTestNG.main(RemoteTestNG.java:77)
]]>
            </full-stacktrace>
          </exception> <!-- org.openqa.selenium.NoSuchSessionException -->
          <reporter-output>
          </reporter-output>
        </test-method> <!-- EndTest -->
      </class> <!-- exercise2.AgodaTestExercise2 -->
    </test> <!-- AgodaTestFolder -->
  </suite> <!-- Exercise Suite 1 -->
</testng-results>
