<?xml version="1.0" encoding="UTF-8"?>
<testng-results skipped="0" failed="0" ignored="0" total="4" passed="4">
  <reporter-output>
    <line>
      <![CDATA[The Mozilla browser is opened ]]>
    </line>
    <line>
      <![CDATA[The Mozilla browser is opened ]]>
    </line>
    <line>
      <![CDATA[The Mozilla browser is opened ]]>
    </line>
    <line>
      <![CDATA[The Mozilla browser is opened ]]>
    </line>
  </reporter-output>
  <suite name="Default suite" duration-ms="62315" started-at="2019-02-09T12:26:39Z" finished-at="2019-02-09T12:27:41Z">
    <groups>
    </groups>
    <test name="Default test" duration-ms="62315" started-at="2019-02-09T12:26:39Z" finished-at="2019-02-09T12:27:41Z">
      <class name="exercise2.AgodaTestExercise3">
        <test-method status="PASS" signature="StartTest()[pri:0, instance:exercise2.AgodaTestExercise3@6f7fd0e6]" name="StartTest" is-config="true" duration-ms="12" started-at="2019-02-09T12:26:39Z" finished-at="2019-02-09T12:26:39Z">
          <reporter-output>
          </reporter-output>
        </test-method> <!-- StartTest -->
        <test-method status="PASS" signature="LaunchedBrowser()[pri:0, instance:exercise2.AgodaTestExercise3@6f7fd0e6]" name="LaunchedBrowser" is-config="true" duration-ms="10405" started-at="2019-02-09T12:26:39Z" finished-at="2019-02-09T12:26:50Z">
          <reporter-output>
            <line>
              <![CDATA[The Mozilla browser is opened ]]>
            </line>
          </reporter-output>
        </test-method> <!-- LaunchedBrowser -->
        <test-method status="PASS" signature="TestUrlParameter(java.lang.String, java.lang.String)[pri:0, instance:exercise2.AgodaTestExercise3@6f7fd0e6]" name="TestUrlParameter" duration-ms="9" started-at="2019-02-09T12:26:50Z" data-provider="Exceldata" finished-at="2019-02-09T12:26:50Z">
          <params>
            <param index="0">
              <value is-null="true"/>
            </param>
            <param index="1">
              <value is-null="true"/>
            </param>
          </params>
          <reporter-output>
          </reporter-output>
        </test-method> <!-- TestUrlParameter -->
        <test-method status="PASS" signature="terminateBrowser()[pri:0, instance:exercise2.AgodaTestExercise3@6f7fd0e6]" name="terminateBrowser" is-config="true" duration-ms="2591" started-at="2019-02-09T12:26:50Z" finished-at="2019-02-09T12:26:52Z">
          <reporter-output>
          </reporter-output>
        </test-method> <!-- terminateBrowser -->
        <test-method status="PASS" signature="LaunchedBrowser()[pri:0, instance:exercise2.AgodaTestExercise3@6f7fd0e6]" name="LaunchedBrowser" is-config="true" duration-ms="15264" started-at="2019-02-09T12:26:52Z" finished-at="2019-02-09T12:27:08Z">
          <reporter-output>
            <line>
              <![CDATA[The Mozilla browser is opened ]]>
            </line>
          </reporter-output>
        </test-method> <!-- LaunchedBrowser -->
        <test-method status="PASS" signature="TestUrlParameter(java.lang.String, java.lang.String)[pri:0, instance:exercise2.AgodaTestExercise3@6f7fd0e6]" name="TestUrlParameter" duration-ms="2" started-at="2019-02-09T12:27:08Z" data-provider="Exceldata" finished-at="2019-02-09T12:27:08Z">
          <params>
            <param index="0">
              <value>
                <![CDATA[testname1]]>
              </value>
            </param>
            <param index="1">
              <value>
                <![CDATA[testadd1]]>
              </value>
            </param>
          </params>
          <reporter-output>
          </reporter-output>
        </test-method> <!-- TestUrlParameter -->
        <test-method status="PASS" signature="terminateBrowser()[pri:0, instance:exercise2.AgodaTestExercise3@6f7fd0e6]" name="terminateBrowser" is-config="true" duration-ms="2624" started-at="2019-02-09T12:27:08Z" finished-at="2019-02-09T12:27:10Z">
          <reporter-output>
          </reporter-output>
        </test-method> <!-- terminateBrowser -->
        <test-method status="PASS" signature="LaunchedBrowser()[pri:0, instance:exercise2.AgodaTestExercise3@6f7fd0e6]" name="LaunchedBrowser" is-config="true" duration-ms="10782" started-at="2019-02-09T12:27:10Z" finished-at="2019-02-09T12:27:21Z">
          <reporter-output>
            <line>
              <![CDATA[The Mozilla browser is opened ]]>
            </line>
          </reporter-output>
        </test-method> <!-- LaunchedBrowser -->
        <test-method status="PASS" signature="TestUrlParameter(java.lang.String, java.lang.String)[pri:0, instance:exercise2.AgodaTestExercise3@6f7fd0e6]" name="TestUrlParameter" duration-ms="1" started-at="2019-02-09T12:27:21Z" data-provider="Exceldata" finished-at="2019-02-09T12:27:21Z">
          <params>
            <param index="0">
              <value>
                <![CDATA[testname2]]>
              </value>
            </param>
            <param index="1">
              <value>
                <![CDATA[testadd2]]>
              </value>
            </param>
          </params>
          <reporter-output>
          </reporter-output>
        </test-method> <!-- TestUrlParameter -->
        <test-method status="PASS" signature="terminateBrowser()[pri:0, instance:exercise2.AgodaTestExercise3@6f7fd0e6]" name="terminateBrowser" is-config="true" duration-ms="2803" started-at="2019-02-09T12:27:21Z" finished-at="2019-02-09T12:27:24Z">
          <reporter-output>
          </reporter-output>
        </test-method> <!-- terminateBrowser -->
        <test-method status="PASS" signature="LaunchedBrowser()[pri:0, instance:exercise2.AgodaTestExercise3@6f7fd0e6]" name="LaunchedBrowser" is-config="true" duration-ms="14077" started-at="2019-02-09T12:27:24Z" finished-at="2019-02-09T12:27:38Z">
          <reporter-output>
            <line>
              <![CDATA[The Mozilla browser is opened ]]>
            </line>
          </reporter-output>
        </test-method> <!-- LaunchedBrowser -->
        <test-method status="PASS" signature="TestUrlParameter(java.lang.String, java.lang.String)[pri:0, instance:exercise2.AgodaTestExercise3@6f7fd0e6]" name="TestUrlParameter" duration-ms="2" started-at="2019-02-09T12:27:38Z" data-provider="Exceldata" finished-at="2019-02-09T12:27:38Z">
          <params>
            <param index="0">
              <value>
                <![CDATA[testname3]]>
              </value>
            </param>
            <param index="1">
              <value>
                <![CDATA[testadd3]]>
              </value>
            </param>
          </params>
          <reporter-output>
          </reporter-output>
        </test-method> <!-- TestUrlParameter -->
        <test-method status="PASS" signature="terminateBrowser()[pri:0, instance:exercise2.AgodaTestExercise3@6f7fd0e6]" name="terminateBrowser" is-config="true" duration-ms="3107" started-at="2019-02-09T12:27:38Z" finished-at="2019-02-09T12:27:41Z">
          <reporter-output>
          </reporter-output>
        </test-method> <!-- terminateBrowser -->
        <test-method status="PASS" signature="EndTest()[pri:0, instance:exercise2.AgodaTestExercise3@6f7fd0e6]" name="EndTest" is-config="true" duration-ms="0" started-at="2019-02-09T12:27:41Z" finished-at="2019-02-09T12:27:41Z">
          <reporter-output>
          </reporter-output>
        </test-method> <!-- EndTest -->
      </class> <!-- exercise2.AgodaTestExercise3 -->
    </test> <!-- Default test -->
  </suite> <!-- Default suite -->
</testng-results>
