<?xml version="1.0" encoding="UTF-8"?>
<testng-results skipped="0" failed="0" ignored="0" total="1" passed="1">
  <reporter-output>
    <line>
      <![CDATA[The Mozilla browser is opened ]]>
    </line>
  </reporter-output>
  <suite name="Exercise Suite 1" duration-ms="16093" started-at="2019-02-06T14:55:55Z" finished-at="2019-02-06T14:56:11Z">
    <groups>
    </groups>
    <test name="AgodaTestFolderChrome" duration-ms="16093" started-at="2019-02-06T14:55:55Z" finished-at="2019-02-06T14:56:11Z">
      <class name="exercise2.AgodaTestExercise3">
        <test-method status="PASS" signature="StartTest()[pri:0, instance:exercise2.AgodaTestExercise3@1b604f19]" name="StartTest" is-config="true" duration-ms="11" started-at="2019-02-06T14:55:55Z" finished-at="2019-02-06T14:55:55Z">
          <reporter-output>
          </reporter-output>
        </test-method> <!-- StartTest -->
        <test-method status="PASS" signature="LaunchedBrowser(java.lang.String)[pri:0, instance:exercise2.AgodaTestExercise3@1b604f19]" name="LaunchedBrowser" is-config="true" duration-ms="13786" started-at="2019-02-06T14:55:55Z" finished-at="2019-02-06T14:56:09Z">
          <params>
            <param index="0">
              <value>
                <![CDATA[https://wwww.agoda.com]]>
              </value>
            </param>
          </params>
          <reporter-output>
            <line>
              <![CDATA[The Mozilla browser is opened ]]>
            </line>
          </reporter-output>
        </test-method> <!-- LaunchedBrowser -->
        <test-method status="PASS" signature="TestUrlParameter(java.lang.String)[pri:0, instance:exercise2.AgodaTestExercise3@1b604f19]" name="TestUrlParameter" duration-ms="9" started-at="2019-02-06T14:56:09Z" finished-at="2019-02-06T14:56:09Z">
          <params>
            <param index="0">
              <value>
                <![CDATA[https://wwww.agoda.com]]>
              </value>
            </param>
          </params>
          <reporter-output>
          </reporter-output>
        </test-method> <!-- TestUrlParameter -->
        <test-method status="PASS" signature="terminateBrowser()[pri:0, instance:exercise2.AgodaTestExercise3@1b604f19]" name="terminateBrowser" is-config="true" duration-ms="2264" started-at="2019-02-06T14:56:09Z" finished-at="2019-02-06T14:56:11Z">
          <reporter-output>
          </reporter-output>
        </test-method> <!-- terminateBrowser -->
        <test-method status="PASS" signature="EndTest()[pri:0, instance:exercise2.AgodaTestExercise3@1b604f19]" name="EndTest" is-config="true" duration-ms="1" started-at="2019-02-06T14:56:11Z" finished-at="2019-02-06T14:56:11Z">
          <reporter-output>
          </reporter-output>
        </test-method> <!-- EndTest -->
      </class> <!-- exercise2.AgodaTestExercise3 -->
    </test> <!-- AgodaTestFolderChrome -->
  </suite> <!-- Exercise Suite 1 -->
</testng-results>
