<?xml version="1.0" encoding="UTF-8"?>
<!-- Generated by org.testng.reporters.JUnitXMLReporter -->
<testsuite hostname="ShahRidzuan" ignored="0" name="Default test" tests="4" failures="0" timestamp="09 Feb 2019 12:27:41 GMT" time="62.315" errors="0">
  <testcase name="TestUrlParameter" time="0.009" classname="exercise2.AgodaTestExercise3"/>
  <testcase name="TestUrlParameter" time="0.002" classname="exercise2.AgodaTestExercise3"/>
  <testcase name="TestUrlParameter" time="0.001" classname="exercise2.AgodaTestExercise3"/>
  <testcase name="TestUrlParameter" time="0.002" classname="exercise2.AgodaTestExercise3"/>
</testsuite> <!-- Default test -->
