<?xml version="1.0" encoding="UTF-8"?>
<!-- Generated by org.testng.reporters.JUnitXMLReporter -->
<testsuite hostname="ShahRidzuan" ignored="0" name="AgodaTestFolderChrome" tests="1" failures="1" timestamp="09 Feb 2019 12:08:27 GMT" time="0.059" errors="0">
  <testcase name="TestUrlParameter" time="0.0" classname="exercise2.AgodaTestExercise3">
    <failure type="org.testng.TestNGException" message="
Cannot inject @Test annotated Method [TestUrlParameter] with [class java.lang.String].
For more information on native dependency injection please refer to http://testng.org/doc/documentation-main.html#native-dependency-injection">
      <![CDATA[org.testng.TestNGException: 
Cannot inject @Test annotated Method [TestUrlParameter] with [class java.lang.String].
For more information on native dependency injection please refer to http://testng.org/doc/documentation-main.html#native-dependency-injection
... Removed 24 stack frames]]>
    </failure>
  </testcase> <!-- TestUrlParameter -->
</testsuite> <!-- AgodaTestFolderChrome -->
