<?xml version="1.0" encoding="UTF-8"?>
<!-- Generated by org.testng.reporters.JUnitXMLReporter -->
<testsuite hostname="ShahRidzuan" ignored="3" name="AgodaTestFolderChrome" tests="3" failures="1" timestamp="07 Feb 2019 16:05:47 GMT" time="74.831" errors="0">
  <testcase name="OpenNewTab" time="10.531" classname="exercise2.AgodaTestExercise2">
    <failure type="java.lang.IndexOutOfBoundsException" message="Index: 1, Size: 1">
      <![CDATA[java.lang.IndexOutOfBoundsException: Index: 1, Size: 1
at java.util.ArrayList.rangeCheck(Unknown Source)
at java.util.ArrayList.get(Unknown Source)
at exercise2.AgodaTestExercise2.OpenNewTab(AgodaTestExercise2.java:86)
... Removed 25 stack frames]]>
    </failure>
  </testcase> <!-- OpenNewTab -->
  <testcase name="OpenNewTab" time="10.194" classname="exercise2.AgodaTestExercise2"/>
  <testcase name="OpenNewTab" time="11.596" classname="exercise2.AgodaTestExercise2"/>
  <testcase name="VerifiedTitle" time="0.0" classname="exercise2.AgodaTestExercise1">
    <ignored/>
  </testcase> <!-- VerifiedTitle -->
  <testcase name="SearchResult" time="0.0" classname="exercise2.AgodaTestExercise1">
    <ignored/>
  </testcase> <!-- SearchResult -->
  <testcase name="TestUrlParameter" time="0.0" classname="exercise2.AgodaTestExercise3">
    <ignored/>
  </testcase> <!-- TestUrlParameter -->
</testsuite> <!-- AgodaTestFolderChrome -->
