<?xml version="1.0" encoding="UTF-8"?>
<!-- Generated by org.testng.reporters.JUnitXMLReporter -->
<testsuite hostname="ShahRidzuan" name="AgodaTestFolderChrome" tests="3" failures="1" timestamp="6 Feb 2019 10:55:49 GMT" time="66.416" errors="0">
  <testcase name="SearchResult" time="8.64" classname="exercise2.AgodaTestExercise1"/>
  <testcase name="VerifiedTitle" time="0.016" classname="exercise2.AgodaTestExercise1">
    <failure type="java.lang.AssertionError" message="expected [Agoda: Cheap Hotel Booking - Discount Accommodations] but found [Official Agoda.com: Book Hotels for Cheap, up to 80% Off!]">
      <![CDATA[java.lang.AssertionError: expected [Agoda: Cheap Hotel Booking - Discount Accommodations] but found [Official Agoda.com: Book Hotels for Cheap, up to 80% Off!]
	at exercise2.AgodaTestExercise1.VerifiedTitle(AgodaTestExercise1.java:50)
... Removed 29 stack frames]]>
    </failure>
  </testcase> <!-- VerifiedTitle -->
  <testcase name="OpenNewTab" time="9.535" classname="exercise2.AgodaTestExercise2"/>
</testsuite> <!-- AgodaTestFolderChrome -->
